<?xml version="1.0" encoding="UTF-8"?>
<testsuites name="Mocha Tests" time="0.415" tests="1" failures="0">
	<testsuite name="Root Suite" timestamp="2026-04-01T11:22:29" tests="0" time="0.000" failures="0">
	</testsuite>
	<testsuite name="Error Serializer Test Cases" timestamp="2026-04-01T11:22:29" tests="1" file="/home/vish/Work/twyr/code/twyr-backend-monorepo/packages/error-serializer/tests/index.spec.cjs" time="0.414" failures="0">
		<testcase name="Error Serializer Test Cases Global Snooze for 400ms" time="0.411" classname="Global Snooze for 400ms">
		</testcase>
	</testsuite>
</testsuites>
