<?xml version="1.0" encoding="UTF-8"?>
<testsuites name="Mocha Tests" time="0.412" tests="1" failures="0">
	<testsuite name="Root Suite" timestamp="2026-03-27T08:58:41" tests="0" time="0.000" failures="0">
	</testsuite>
	<testsuite name="Server Dependency Manager Test Cases" timestamp="2026-03-27T08:58:41" tests="1" file="/home/vish/Work/twyr/code/twyr-backend-monorepo/packages/server-dependency-manager/tests/index.spec.cjs" time="0.411" failures="0">
		<testcase name="Server Dependency Manager Test Cases Global Snooze for 400ms" time="0.408" classname="Global Snooze for 400ms">
		</testcase>
	</testsuite>
</testsuites>
