<?xml version="1.0" encoding="UTF-8"?>
<testsuites name="Mocha Tests" time="0.416" tests="1" failures="0">
	<testsuite name="Root Suite" timestamp="2026-03-26T11:33:28" tests="0" time="0.000" failures="0">
	</testsuite>
	<testsuite name="API Registry Test Cases" timestamp="2026-03-26T11:33:28" tests="1" file="/home/vish/Work/twyr/code/entity-value-aggregate-server/packages/api-registry/tests/index.spec.cjs" time="0.415" failures="0">
		<testcase name="API Registry Test Cases Global Snooze for 400ms" time="0.412" classname="Global Snooze for 400ms">
		</testcase>
	</testsuite>
</testsuites>
