<?xml version="1.0" encoding="UTF-8"?>
<testsuites name="Mocha Tests" time="0.411" tests="1" failures="0">
	<testsuite name="Root Suite" timestamp="2026-03-27T08:58:28" tests="0" time="0.000" failures="0">
	</testsuite>
	<testsuite name="Framework Classes Test Cases" timestamp="2026-03-27T08:58:28" tests="1" file="/home/vish/Work/twyr/code/twyr-backend-monorepo/packages/framework-classes/tests/index.spec.cjs" time="0.410" failures="0">
		<testcase name="Framework Classes Test Cases Global Snooze for 400ms" time="0.408" classname="Global Snooze for 400ms">
		</testcase>
	</testsuite>
</testsuites>
